0 info it worked if it ends with ok
1 verbose cli [ 'node', '/usr/local/bin/npm', 'install' ]
2 info using npm@1.1.62
3 info using node@v0.8.11
4 verbose read json /Users/bert/Projects/TrashApp/node.js/package.json
5 warn package.json trash-app@0.1.0 No README.md file found!
6 verbose readDependencies using package.json deps
7 verbose install where, deps [ '/Users/bert/Projects/TrashApp/node.js',
7 verbose install   [ 'coffee-script', 'eco', 'express', 'log4js', 'node.io', 'pushd' ] ]
8 verbose from cache /Users/bert/Projects/TrashApp/node.js/package.json
9 info preinstall trash-app@0.1.0
10 verbose read json /Users/bert/Projects/TrashApp/node.js/node_modules/coffee-script/package.json
11 verbose read json /Users/bert/Projects/TrashApp/node.js/node_modules/eco/package.json
12 verbose read json /Users/bert/Projects/TrashApp/node.js/node_modules/express/package.json
13 verbose read json /Users/bert/Projects/TrashApp/node.js/node_modules/log4js/package.json
14 verbose read json /Users/bert/Projects/TrashApp/node.js/node_modules/node.io/package.json
15 verbose read json /Users/bert/Projects/TrashApp/node.js/node_modules/pushd/package.json
16 verbose from cache /Users/bert/Projects/TrashApp/node.js/package.json
17 verbose readDependencies using package.json deps
18 verbose read json /Users/bert/Projects/TrashApp/node.js/node_modules/.bin/package.json
19 verbose from cache /Users/bert/Projects/TrashApp/node.js/node_modules/coffee-script/package.json
20 verbose from cache /Users/bert/Projects/TrashApp/node.js/node_modules/eco/package.json
21 verbose from cache /Users/bert/Projects/TrashApp/node.js/node_modules/express/package.json
22 verbose from cache /Users/bert/Projects/TrashApp/node.js/node_modules/log4js/package.json
23 verbose from cache /Users/bert/Projects/TrashApp/node.js/node_modules/node.io/package.json
24 verbose from cache /Users/bert/Projects/TrashApp/node.js/node_modules/pushd/package.json
25 verbose already installed skipping log4js@0.6.3 /Users/bert/Projects/TrashApp/node.js
26 verbose already installed skipping node.io@0.4.14 /Users/bert/Projects/TrashApp/node.js
27 verbose cache add [ 'pushd@1.5.10', null ]
28 silly cache add name=undefined spec="pushd@1.5.10" args=["pushd@1.5.10",null]
29 verbose parsed url { pathname: 'pushd@1.5.10',
29 verbose parsed url   path: 'pushd@1.5.10',
29 verbose parsed url   href: 'pushd@1.5.10' }
30 silly cache add name="pushd" spec="1.5.10" args=["pushd","1.5.10"]
31 verbose parsed url { pathname: '1.5.10', path: '1.5.10', href: '1.5.10' }
32 verbose addNamed [ 'pushd', '1.5.10' ]
33 verbose addNamed [ '1.5.10', '1.5.10' ]
34 silly lockFile aed52f19-pushd-1-5-10 pushd@1.5.10
35 verbose lock pushd@1.5.10 /Users/bert/.npm/aed52f19-pushd-1-5-10.lock
36 verbose url raw pushd/1.5.10
37 verbose url resolving [ 'https://registry.npmjs.org/', './pushd/1.5.10' ]
38 verbose url resolved https://registry.npmjs.org/pushd/1.5.10
39 info trying registry request attempt 1 at 18:33:48
40 http GET https://registry.npmjs.org/pushd/1.5.10
41 verbose already installed skipping coffee-script@1.6.1 /Users/bert/Projects/TrashApp/node.js
42 verbose already installed skipping eco@1.1 /Users/bert/Projects/TrashApp/node.js
43 verbose already installed skipping express@3.1.x /Users/bert/Projects/TrashApp/node.js
44 http 404 https://registry.npmjs.org/pushd/1.5.10
45 silly registry.get cb [ 404,
45 silly registry.get   { vary: 'Accept',
45 silly registry.get     server: 'CouchDB/1.3.1 (Erlang OTP/R15B03)',
45 silly registry.get     etag: '"9MIH0J23MNONVIS3NH3N4U6YE"',
45 silly registry.get     date: 'Mon, 26 Aug 2013 16:33:49 GMT',
45 silly registry.get     'content-type': 'application/json',
45 silly registry.get     'content-length': '37' } ]
46 silly lockFile aed52f19-pushd-1-5-10 pushd@1.5.10
47 error Error: version not found: 1.5.10 : pushd/1.5.10
47 error     at RegClient.<anonymous> (/usr/local/lib/node_modules/npm/node_modules/npm-registry-client/lib/request.js:259:14)
47 error     at Request.init.self.callback (/usr/local/lib/node_modules/npm/node_modules/request/main.js:120:22)
47 error     at Request.EventEmitter.emit (events.js:96:17)
47 error     at Request.<anonymous> (/usr/local/lib/node_modules/npm/node_modules/request/main.js:648:16)
47 error     at Request.EventEmitter.emit (events.js:123:20)
47 error     at IncomingMessage.Request.start.self.req.self.httpModule.request.buffer (/usr/local/lib/node_modules/npm/node_modules/request/main.js:610:14)
47 error     at IncomingMessage.EventEmitter.emit (events.js:123:20)
47 error     at IncomingMessage._emitEnd (http.js:366:10)
47 error     at HTTPParser.parserOnMessageComplete [as onMessageComplete] (http.js:149:23)
47 error     at CleartextStream.socketOnData (http.js:1366:20)
48 error If you need help, you may report this log at:
48 error     <http://github.com/isaacs/npm/issues>
48 error or email it to:
48 error     <npm-@googlegroups.com>
49 error System Darwin 12.4.0
50 error command "node" "/usr/local/bin/npm" "install"
51 error cwd /Users/bert/Projects/TrashApp/node.js
52 error node -v v0.8.11
53 error npm -v 1.1.62
54 verbose exit [ 1, true ]
